2016年5月20日18:06:42
	1.增加全局拦截器、类拦截器、方法拦截器

2016年5月21日17:21:24
	1.添加跳过上一层Interceptor的注解@Skip
	2.com.qdf.model.Action改名ActionBean,防止跟Action混淆
	
2016年5月23日13:38:10
	1.添加事务的支持
		a.注解实现:
			@Interceptor(Tx.class)
		b.配置文件实现:
			qdf.tx.method=save.*|update.*
			qdf.tx.level=4
		c.代码实现:
			DbUtil.tx(TxRun txRun,int TxLevel)
			业务逻辑写在txRun中的run方法中
	2.添加日志的支持
	3.Iresponse增加forward和redirect方法

2016年5月24日10:40:20
	1.新增四个日志记录的方法
	2.新增sql日志记录
	3.修复QdfFilter拦截忽略url的bug
	
2016年5月25日14:55:09
	1.TxRun接口中的run方法新增boolean返回值,返回true提交事务,返回false回滚